<testsuite failures="0" name="features/secondTest.feature" skipped="0" tests="1" time="0.105038">
  <testcase classname="features.secondTest" name="get status response email" time="0.105038">
    <system-out>Given url 'https://reqres.in/api/users' ................................... passed
When method get ........................................................... passed
And param page = 1 ........................................................ passed
And request {email:'eve.holt@reqres.in'} .................................. passed
Then status 200 ........................................................... passed
And print 'la reponse : ', response.data .................................. passed</system-out>
  </testcase>
</testsuite>
